recyclerview/build/intermediates/manifest_merge_blame_file/debug/manifest-merger-blame-debug-report.txt
1<?xml version="1.0" encoding="utf-8"?>
2<manifest xmlns:android="http://schemas.android.com/apk/res/android"
3    package="denisbuketa.android.recyclerview"
4    android:versionCode="1"
5    android:versionName="1.0" >
6
7    <uses-sdk
8        android:minSdkVersion="21"
8-->src/main/AndroidManifest.xml
9        android:targetSdkVersion="29" />
9-->src/main/AndroidManifest.xml
10
11    <application>
11-->src/main/AndroidManifest.xml:5:5-8:19
12        <activity android:name="denisbuketa.android.recyclerview.simplerecyclerview.RecyclerViewListActivity" />
12-->src/main/AndroidManifest.xml:6:9-80
12-->src/main/AndroidManifest.xml:6:19-78
13        <activity android:name="denisbuketa.android.recyclerview.reorderrecyclerview.ReorderRecyclerViewActivity" />
13-->src/main/AndroidManifest.xml:7:9-84
13-->src/main/AndroidManifest.xml:7:19-82
14    </application>
15
16</manifest>